This is pdfTeXk, Version 3.141592-1.40.3 (Web2C 7.5.6) (format=pdflatex 2009.2.19)  1 MAY 2009 10:09
entering extended mode
 Source specials enabled.
 %&-line parsing enabled.
**\input diameterFigures5.tex
(./diameterFigures5.tex (/usr/share/texmf-texlive/tex/latex/revtex/revtex4.cls
Document Class: revtex4 2001/08/02 v4.0 (http://publish.aps.org/revtex4/ for do
cumentation)
 Copyright (c) 2001 The American Physical Society.
 mailto:revtex@aps.org
 Licensed under the LPPL:
http://www.ctan.org/tex-archive/macros/latex/base/lppl.txt
 Arthur Ogawa <ogawa@teleport.com>
 Based on work by David Carlisle <david@dcarlisle.demon.co.uk>.
ltxutil: portions licensed from W. E. Baxter (web@superscript.com)
Class revtex4 Info: Repairing broken LateX \@sect on input line 596.
\intertabularlinepenalty=\count79
\@tbpen=\count80
\@arstrutbox@hline=\box26
Class revtex4 Info: Repairing broken LaTeX \@xbitor on input line 1610.
ltxgrid: portions licensed from W. E. Baxter (web@superscript.com)
\c@linecount=\count81
\output=\toks14
\@protection@box=\box27
\@topmark@saved=\toks15
\footins@saved=\box28
\pagesofar=\box29
\footbox=\box30
\pagegrid@col=\count82
Class revtex4 Info: Incorporating package {textcase}  [1998/11/12 v0.06 Text on
ly upper/lower case changing (DPC)]. on input line 3682.
(/usr/share/texmf-texlive/tex/latex/ltxmisc/url.sty
\Urlmuskip=\muskip10
Package: url 2005/06/27  ver 3.2  Verb mode for urls, etc.
)
\c@affil=\count83
\absbox=\box31
\c@part=\count84
\c@section=\count85
\c@subsection=\count86
\c@subsubsection=\count87
\c@paragraph=\count88
\c@subparagraph=\count89
\abovecaptionskip=\skip41
\belowcaptionskip=\skip42
\c@figure=\count90
\c@table=\count91

(/usr/share/texmf-texlive/tex/latex/natbib/natbib.sty
Package: natbib 2007/02/05 8.0 (PWD)
\bibhang=\skip43
\bibsep=\skip44
LaTeX Info: Redefining \cite on input line 602.
\c@NAT@ctr=\count92
)
\widetext@top=\box32
\widetext@bot=\box33

(/usr/share/texmf-texlive/tex/latex/revtex/revsymb.sty
Package: revsymb 2001/08/02 v4.0 (http://publish.aps.org/revtex4/ for documenta
tion)
LaTeX Info: Redefining \REV@mathfrak on input line 118.
))
(/usr/share/texmf-texlive/tex/latex/revtex/aps.rtx
File: aps.rtx 2001/08/02 v4.0 (http://publish.aps.org/revtex4/ for documentatio
n)
)
(/usr/share/texmf-texlive/tex/latex/revtex/12pt.rtx
File: 12pt.rtx 2001/08/02 v4.0 (http://publish.aps.org/revtex4/ for documentati
on)
)
(/usr/share/texmf-texlive/tex/latex/graphics/graphicx.sty
Package: graphicx 1999/02/16 v1.0f Enhanced LaTeX Graphics (DPC,SPQR)

(/usr/share/texmf-texlive/tex/latex/graphics/keyval.sty
Package: keyval 1999/03/16 v1.13 key=value parser (DPC)
\KV@toks@=\toks16
)
(/usr/share/texmf-texlive/tex/latex/graphics/graphics.sty
Package: graphics 2006/02/20 v1.0o Standard LaTeX Graphics (DPC,SPQR)

(/usr/share/texmf-texlive/tex/latex/graphics/trig.sty
Package: trig 1999/03/16 v1.09 sin cos tan (DPC)
)
(/etc/texmf/tex/latex/config/graphics.cfg
File: graphics.cfg 2007/01/18 v1.5 graphics configuration of teTeX/TeXLive
)
Package graphics Info: Driver file: pdftex.def on input line 90.

(/usr/share/texmf-texlive/tex/latex/pdftex-def/pdftex.def
File: pdftex.def 2007/01/08 v0.04d Graphics/color for pdfTeX
\Gread@gobject=\count93
))
\Gin@req@height=\dimen102
\Gin@req@width=\dimen103
)
(/usr/share/texmf-texlive/tex/latex/graphics/epsfig.sty
Package: epsfig 1999/02/16 v1.7a (e)psfig emulation (SPQR)
\epsfxsize=\dimen104
\epsfysize=\dimen105
)
(/usr/share/texmf-texlive/tex/latex/amsfonts/amssymb.sty
Package: amssymb 2002/01/22 v2.2d

(/usr/share/texmf-texlive/tex/latex/amsfonts/amsfonts.sty
Package: amsfonts 2001/10/25 v2.2f
\@emptytoks=\toks17
\symAMSa=\mathgroup4
\symAMSb=\mathgroup5
LaTeX Font Info:    Overwriting math alphabet `\mathfrak' in version `bold'
(Font)                  U/euf/m/n --> U/euf/b/n on input line 132.
LaTeX Info: Redefining \frak on input line 135.
LaTeX Info: Redefining \Bbb on input line 137.
))
(/usr/share/texmf-texlive/tex/latex/amsmath/amsmath.sty
Package: amsmath 2000/07/18 v2.13 AMS math features
\@mathmargin=\skip45

For additional information on amsmath, use the `?' option.
(/usr/share/texmf-texlive/tex/latex/amsmath/amstext.sty
Package: amstext 2000/06/29 v2.01

(/usr/share/texmf-texlive/tex/latex/amsmath/amsgen.sty
File: amsgen.sty 1999/11/30 v2.0
\@emptytoks=\toks18
\ex@=\dimen106
))
(/usr/share/texmf-texlive/tex/latex/amsmath/amsbsy.sty
Package: amsbsy 1999/11/29 v1.2d
\pmbraise@=\dimen107
)
(/usr/share/texmf-texlive/tex/latex/amsmath/amsopn.sty
Package: amsopn 1999/12/14 v2.01 operator names
)
\inf@bad=\count94
LaTeX Info: Redefining \frac on input line 211.
\uproot@=\count95
\leftroot@=\count96
LaTeX Info: Redefining \overline on input line 307.
\classnum@=\count97
\DOTSCASE@=\count98
LaTeX Info: Redefining \ldots on input line 379.
LaTeX Info: Redefining \dots on input line 382.
LaTeX Info: Redefining \cdots on input line 467.
\Mathstrutbox@=\box34
\strutbox@=\box35
\big@size=\dimen108
LaTeX Font Info:    Redeclaring font encoding OML on input line 567.
LaTeX Font Info:    Redeclaring font encoding OMS on input line 568.
\macc@depth=\count99
\c@MaxMatrixCols=\count100
\dotsspace@=\muskip11
\c@parentequation=\count101
\dspbrk@lvl=\count102
\tag@help=\toks19
\row@=\count103
\column@=\count104
\maxfields@=\count105
\andhelp@=\toks20
\eqnshift@=\dimen109
\alignsep@=\dimen110
\tagshift@=\dimen111
\tagwidth@=\dimen112
\totwidth@=\dimen113
\lineht@=\dimen114
\@envbody=\toks21
\multlinegap=\skip46
\multlinetaggap=\skip47
\mathdisplay@stack=\toks22
LaTeX Info: Redefining \[ on input line 2666.
LaTeX Info: Redefining \] on input line 2667.
)
(/usr/share/texmf-texlive/tex/latex/tools/bm.sty
Package: bm 2004/02/26 v1.1c Bold Symbol Support (DPC/FMi)
\symboldoperators=\mathgroup6
\symboldletters=\mathgroup7
\symboldsymbols=\mathgroup8
LaTeX Font Info:    Redeclaring math alphabet \mathbf on input line 137.
LaTeX Info: Redefining \bm on input line 203.
)
(/usr/share/texmf-texlive/tex/latex/pdfsync/pdfsync.sty
Package: pdfsync 2007/01/15 v1.0
)
(./diameterFigures5.aux

LaTeX Warning: Label `fig:4' multiply defined.


LaTeX Warning: Label `fig:4' multiply defined.


LaTeX Warning: Label `fig:4' multiply defined.


LaTeX Warning: Label `fig:4' multiply defined.


LaTeX Warning: Label `fig:4' multiply defined.


LaTeX Warning: Label `fig:4' multiply defined.


LaTeX Warning: Label `fig:4' multiply defined.


LaTeX Warning: Label `fig:b' multiply defined.


LaTeX Warning: Label `fig:b' multiply defined.


LaTeX Warning: Label `fig:b' multiply defined.

)
\openout1 = `diameterFigures5.aux'.

LaTeX Font Info:    Checking defaults for OML/cmm/m/it on input line 15.
LaTeX Font Info:    ... okay on input line 15.
LaTeX Font Info:    Checking defaults for T1/cmr/m/n on input line 15.
LaTeX Font Info:    ... okay on input line 15.
LaTeX Font Info:    Checking defaults for OT1/cmr/m/n on input line 15.
LaTeX Font Info:    ... okay on input line 15.
LaTeX Font Info:    Checking defaults for OMS/cmsy/m/n on input line 15.
LaTeX Font Info:    ... okay on input line 15.
LaTeX Font Info:    Checking defaults for OMX/cmex/m/n on input line 15.
LaTeX Font Info:    ... okay on input line 15.
LaTeX Font Info:    Checking defaults for U/cmr/m/n on input line 15.
LaTeX Font Info:    ... okay on input line 15.
Class revtex4 Info: Patching LaTeX tabular. on input line 15.
Class revtex4 Info: cite was not loaded (OK!) on input line 15.
Class revtex4 Info: multicol was not loaded (OK!) on input line 15.
Configuring pdfsync
\PDFSYNC@ut=\write3
\openout3 = `diameterFigures5.pdfsync'.

\PDFSYNCf@li@=\count106
\PDFSYNC@rder=\count107
**** pdfsync.sty: Synchronizing at \everypar
\PDFSYNCeveryp@r=\toks23
**** pdfsync.sty: Synchronizing at \everymath
\PDFSYNCeverym@th=\toks24
**** pdfsync.sty: Synchronizing at \everyhbox
\PDFSYNCeveryhb@x=\toks25
**** pdfsync.sty: Synchronizing at \everyvbox
\PDFSYNCeveryvb@x=\toks26
**** pdfsync.sty: started
LaTeX Font Info:    Try loading font information for U+msa on input line 27.
 (/usr/share/texmf-texlive/tex/latex/amsfonts/umsa.fd
File: umsa.fd 2002/01/19 v2.2g AMS font definitions
)
LaTeX Font Info:    Try loading font information for U+msb on input line 27.

(/usr/share/texmf-texlive/tex/latex/amsfonts/umsb.fd
File: umsb.fd 2002/01/19 v2.2g AMS font definitions
) [1{/var/lib/texmf/fonts/map/pdftex/updmap/pdftex.map}]

LaTeX Warning: Reference `fig: grid' on page 2 undefined on input line 53.

[2]

LaTeX Warning: Reference `fig: griddotschem' on page 3 undefined on input line 
57.


LaTeX Warning: Reference `fig: griddotsdiam' on page 3 undefined on input line 
59.

[3] [4]
LaTeX Font Info:    Try loading font information for OMS+cmr on input line 95.
 (/usr/share/texmf-texlive/tex/latex/base/omscmr.fd
File: omscmr.fd 1999/05/25 v2.5h Standard LaTeX font definitions
)
LaTeX Font Info:    Font shape `OMS/cmr/m/n' in size <12> not available
(Font)              Font shape `OMS/cmsy/m/n' tried instead on input line 95.
 [5]
<figures/d_min_D2q1_46_fig.pdf, id=31, 433.62pt x 578.16pt>
File: figures/d_min_D2q1_46_fig.pdf Graphic file (type pdf)

<use figures/d_min_D2q1_46_fig.pdf>
<figures/D_min_D2q1_46_fig.pdf, id=32, 433.62pt x 578.16pt>
File: figures/D_min_D2q1_46_fig.pdf Graphic file (type pdf)

<use figures/D_min_D2q1_46_fig.pdf>
<figures/d_min_D2q2_46_fig.pdf, id=33, 433.62pt x 578.16pt>
File: figures/d_min_D2q2_46_fig.pdf Graphic file (type pdf)

<use figures/d_min_D2q2_46_fig.pdf>
<figures/D_min_D2q2_46_fig.pdf, id=34, 433.62pt x 578.16pt>
File: figures/D_min_D2q2_46_fig.pdf Graphic file (type pdf)

<use figures/D_min_D2q2_46_fig.pdf>
<figures/d_min_D2q3_46_fig.pdf, id=35, 433.62pt x 578.16pt>
File: figures/d_min_D2q3_46_fig.pdf Graphic file (type pdf)

<use figures/d_min_D2q3_46_fig.pdf>
<figures/D_min_D2q3_46_fig.pdf, id=36, 433.62pt x 578.16pt>
File: figures/D_min_D2q3_46_fig.pdf Graphic file (type pdf)

<use figures/D_min_D2q3_46_fig.pdf>
<figures/d_min_D2q4_46_fig.pdf, id=37, 433.62pt x 578.16pt>
File: figures/d_min_D2q4_46_fig.pdf Graphic file (type pdf)

<use figures/d_min_D2q4_46_fig.pdf>
<figures/D_min_D2q4_46_fig.pdf, id=38, 433.62pt x 578.16pt>
File: figures/D_min_D2q4_46_fig.pdf Graphic file (type pdf)

<use figures/D_min_D2q4_46_fig.pdf>
<figures/d_min_D2q4_46_log_fig.pdf, id=39, 433.62pt x 578.16pt>
File: figures/d_min_D2q4_46_log_fig.pdf Graphic file (type pdf)

<use figures/d_min_D2q4_46_log_fig.pdf>
<figures/D_min_D2q4_46_log_fig.pdf, id=40, 433.62pt x 578.16pt>
File: figures/D_min_D2q4_46_log_fig.pdf Graphic file (type pdf)

<use figures/D_min_D2q4_46_log_fig.pdf>
<figures/d_min_D3q2_46_fig.pdf, id=41, 433.62pt x 433.62pt>
File: figures/d_min_D3q2_46_fig.pdf Graphic file (type pdf)

<use figures/d_min_D3q2_46_fig.pdf>
<figures/d_min_D4q2_46_fig.pdf, id=42, 433.62pt x 433.62pt>
File: figures/d_min_D4q2_46_fig.pdf Graphic file (type pdf)

<use figures/d_min_D4q2_46_fig.pdf>
<figures/boot.pdf, id=43, 794.97pt x 614.295pt>
File: figures/boot.pdf Graphic file (type pdf)
 <use figures/boot.pdf>
<figures/d_min_D2q1_4601_fig_straightline.pdf, id=44, 433.62pt x 578.16pt>
File: figures/d_min_D2q1_4601_fig_straightline.pdf Graphic file (type pdf)

<use figures/d_min_D2q1_4601_fig_straightline.pdf>
<figures/d_min_D2q1_4601_fig_handfit_noboxes.pdf, id=45, 433.62pt x 578.16pt>
File: figures/d_min_D2q1_4601_fig_handfit_noboxes.pdf Graphic file (type pdf)

<use figures/d_min_D2q1_4601_fig_handfit_noboxes.pdf> (./diameterFigures5.bbl
[6]

LaTeX Warning: A float is stuck (cannot be placed); try class option [floatfix]
 on input line 31.

) [7]

LaTeX Warning: A float is stuck (cannot be placed); try class option [floatfix]
 on input line 283.

[8] [9 <./figures/d_min_D2q1_46_fig.pdf>] [10 <./figures/D_min_D2q1_46_fig.pdf>
] [11 <./figures/d_min_D2q2_46_fig.pdf>] [12 <./figures/D_min_D2q2_46_fig.pdf>]
[13 <./figures/d_min_D2q3_46_fig.pdf>] [14 <./figures/D_min_D2q3_46_fig.pdf>]
[15 <./figures/d_min_D2q4_46_fig.pdf>] [16 <./figures/D_min_D2q4_46_fig.pdf>]
[17 <./figures/d_min_D2q4_46_log_fig.pdf>] [18 <./figures/D_min_D2q4_46_log_fig
.pdf>] [19 <./figures/d_min_D3q2_46_fig.pdf>] [20 <./figures/d_min_D4q2_46_fig.
pdf>] [21 <./figures/boot.pdf, page is rotated 90 degrees>] [22 <./figures/d_mi
n_D2q1_4601_fig_straightline.pdf>] [23 <./figures/d_min_D2q1_4601_fig_handfit_n
oboxes.pdf

pdfTeX warning: pdflatex (file ./figures/d_min_D2q1_4601_fig_handfit_noboxes.pd
f): PDF inclusion: Page Group detected which pdfTeX can't handle. Ignoring it.
>] (./diameterFigures5.aux)

LaTeX Warning: There were undefined references.


LaTeX Warning: There were multiply-defined labels.

 ) 
Here is how much of TeX's memory you used:
 3256 strings out of 95086
 40721 string characters out of 1183255
 107035 words of memory out of 1500000
 6385 multiletter control sequences out of 10000+50000
 14830 words of font info for 54 fonts, out of 1200000 for 2000
 28 hyphenation exceptions out of 8191
 27i,18n,24p,1757b,342s stack positions out of 5000i,500n,6000p,200000b,5000s
</usr/share/texmf-texlive/fonts/type1/bluesky/cm/cmbx10.pfb></usr/share/texmf
-texlive/fonts/type1/bluesky/cm/cmbx12.pfb></usr/share/texmf-texlive/fonts/type
1/bluesky/cm/cmex10.pfb></usr/share/texmf-texlive/fonts/type1/bluesky/cm/cmmi10
.pfb></usr/share/texmf-texlive/fonts/type1/bluesky/cm/cmmi12.pfb></usr/share/te
xmf-texlive/fonts/type1/bluesky/cm/cmmi6.pfb></usr/share/texmf-texlive/fonts/ty
pe1/bluesky/cm/cmmi7.pfb></usr/share/texmf-texlive/fonts/type1/bluesky/cm/cmmi8
.pfb></usr/share/texmf-texlive/fonts/type1/bluesky/cm/cmr10.pfb></usr/share/tex
mf-texlive/fonts/type1/bluesky/cm/cmr12.pfb></usr/share/texmf-texlive/fonts/typ
e1/bluesky/cm/cmr7.pfb></usr/share/texmf-texlive/fonts/type1/bluesky/cm/cmr8.pf
b></usr/share/texmf-texlive/fonts/type1/bluesky/cm/cmsy10.pfb></usr/share/texmf
-texlive/fonts/type1/bluesky/cm/cmsy7.pfb></usr/share/texmf-texlive/fonts/type1
/bluesky/cm/cmsy8.pfb></usr/share/texmf-texlive/fonts/type1/bluesky/cm/cmti10.p
fb></usr/share/texmf-texlive/fonts/type1/bluesky/cm/cmti12.pfb></usr/share/texm
f-texlive/fonts/type1/urw/helvetic/uhvr8a.pfb>
Output written on diameterFigures5.pdf (23 pages, 959505 bytes).
PDF statistics:
 2047 PDF objects out of 2073 (max. 8388607)
 0 named destinations out of 1000 (max. 131072)
 76 words of extra memory for PDF output out of 10000 (max. 10000000)

