This is pdfTeXk, Version 3.141592-1.40.3 (Web2C 7.5.6) (format=pdflatex 2009.2.19)  26 FEB 2009 00:40
entering extended mode
 %&-line parsing enabled.
**\input diameterFigures1.tex
(./diameterFigures1.tex (/usr/share/texmf-texlive/tex/latex/revtex/revtex4.cls
Document Class: revtex4 2001/08/02 v4.0 (http://publish.aps.org/revtex4/ for do
cumentation)
 Copyright (c) 2001 The American Physical Society.
 mailto:revtex@aps.org
 Licensed under the LPPL:
http://www.ctan.org/tex-archive/macros/latex/base/lppl.txt
 Arthur Ogawa <ogawa@teleport.com>
 Based on work by David Carlisle <david@dcarlisle.demon.co.uk>.
ltxutil: portions licensed from W. E. Baxter (web@superscript.com)
Class revtex4 Info: Repairing broken LateX \@sect on input line 596.
\intertabularlinepenalty=\count79
\@tbpen=\count80
\@arstrutbox@hline=\box26
Class revtex4 Info: Repairing broken LaTeX \@xbitor on input line 1610.
ltxgrid: portions licensed from W. E. Baxter (web@superscript.com)
\c@linecount=\count81
\output=\toks14
\@protection@box=\box27
\@topmark@saved=\toks15
\footins@saved=\box28
\pagesofar=\box29
\footbox=\box30
\pagegrid@col=\count82
Class revtex4 Info: Incorporating package {textcase}  [1998/11/12 v0.06 Text on
ly upper/lower case changing (DPC)]. on input line 3682.
(/usr/share/texmf-texlive/tex/latex/ltxmisc/url.sty
\Urlmuskip=\muskip10
Package: url 2005/06/27  ver 3.2  Verb mode for urls, etc.
)
\c@affil=\count83
\absbox=\box31
\c@part=\count84
\c@section=\count85
\c@subsection=\count86
\c@subsubsection=\count87
\c@paragraph=\count88
\c@subparagraph=\count89
\abovecaptionskip=\skip41
\belowcaptionskip=\skip42
\c@figure=\count90
\c@table=\count91

(/usr/share/texmf-texlive/tex/latex/natbib/natbib.sty
Package: natbib 2007/02/05 8.0 (PWD)
\bibhang=\skip43
\bibsep=\skip44
LaTeX Info: Redefining \cite on input line 602.
\c@NAT@ctr=\count92
)
\widetext@top=\box32
\widetext@bot=\box33

(/usr/share/texmf-texlive/tex/latex/revtex/revsymb.sty
Package: revsymb 2001/08/02 v4.0 (http://publish.aps.org/revtex4/ for documenta
tion)
LaTeX Info: Redefining \REV@mathfrak on input line 118.
))
(/usr/share/texmf-texlive/tex/latex/revtex/aps.rtx
File: aps.rtx 2001/08/02 v4.0 (http://publish.aps.org/revtex4/ for documentatio
n)
)
(/usr/share/texmf-texlive/tex/latex/revtex/12pt.rtx
File: 12pt.rtx 2001/08/02 v4.0 (http://publish.aps.org/revtex4/ for documentati
on)
)
(/usr/share/texmf-texlive/tex/latex/graphics/graphicx.sty
Package: graphicx 1999/02/16 v1.0f Enhanced LaTeX Graphics (DPC,SPQR)

(/usr/share/texmf-texlive/tex/latex/graphics/keyval.sty
Package: keyval 1999/03/16 v1.13 key=value parser (DPC)
\KV@toks@=\toks16
)
(/usr/share/texmf-texlive/tex/latex/graphics/graphics.sty
Package: graphics 2006/02/20 v1.0o Standard LaTeX Graphics (DPC,SPQR)

(/usr/share/texmf-texlive/tex/latex/graphics/trig.sty
Package: trig 1999/03/16 v1.09 sin cos tan (DPC)
)
(/etc/texmf/tex/latex/config/graphics.cfg
File: graphics.cfg 2007/01/18 v1.5 graphics configuration of teTeX/TeXLive
)
Package graphics Info: Driver file: pdftex.def on input line 90.

(/usr/share/texmf-texlive/tex/latex/pdftex-def/pdftex.def
File: pdftex.def 2007/01/08 v0.04d Graphics/color for pdfTeX
\Gread@gobject=\count93
))
\Gin@req@height=\dimen102
\Gin@req@width=\dimen103
)
(/usr/share/texmf-texlive/tex/latex/graphics/epsfig.sty
Package: epsfig 1999/02/16 v1.7a (e)psfig emulation (SPQR)
\epsfxsize=\dimen104
\epsfysize=\dimen105
)
(/usr/share/texmf-texlive/tex/latex/amsfonts/amssymb.sty
Package: amssymb 2002/01/22 v2.2d

(/usr/share/texmf-texlive/tex/latex/amsfonts/amsfonts.sty
Package: amsfonts 2001/10/25 v2.2f
\@emptytoks=\toks17
\symAMSa=\mathgroup4
\symAMSb=\mathgroup5
LaTeX Font Info:    Overwriting math alphabet `\mathfrak' in version `bold'
(Font)                  U/euf/m/n --> U/euf/b/n on input line 132.
LaTeX Info: Redefining \frak on input line 135.
LaTeX Info: Redefining \Bbb on input line 137.
))
(/usr/share/texmf-texlive/tex/latex/amsmath/amsmath.sty
Package: amsmath 2000/07/18 v2.13 AMS math features
\@mathmargin=\skip45

For additional information on amsmath, use the `?' option.
(/usr/share/texmf-texlive/tex/latex/amsmath/amstext.sty
Package: amstext 2000/06/29 v2.01

(/usr/share/texmf-texlive/tex/latex/amsmath/amsgen.sty
File: amsgen.sty 1999/11/30 v2.0
\@emptytoks=\toks18
\ex@=\dimen106
))
(/usr/share/texmf-texlive/tex/latex/amsmath/amsbsy.sty
Package: amsbsy 1999/11/29 v1.2d
\pmbraise@=\dimen107
)
(/usr/share/texmf-texlive/tex/latex/amsmath/amsopn.sty
Package: amsopn 1999/12/14 v2.01 operator names
)
\inf@bad=\count94
LaTeX Info: Redefining \frac on input line 211.
\uproot@=\count95
\leftroot@=\count96
LaTeX Info: Redefining \overline on input line 307.
\classnum@=\count97
\DOTSCASE@=\count98
LaTeX Info: Redefining \ldots on input line 379.
LaTeX Info: Redefining \dots on input line 382.
LaTeX Info: Redefining \cdots on input line 467.
\Mathstrutbox@=\box34
\strutbox@=\box35
\big@size=\dimen108
LaTeX Font Info:    Redeclaring font encoding OML on input line 567.
LaTeX Font Info:    Redeclaring font encoding OMS on input line 568.
\macc@depth=\count99
\c@MaxMatrixCols=\count100
\dotsspace@=\muskip11
\c@parentequation=\count101
\dspbrk@lvl=\count102
\tag@help=\toks19
\row@=\count103
\column@=\count104
\maxfields@=\count105
\andhelp@=\toks20
\eqnshift@=\dimen109
\alignsep@=\dimen110
\tagshift@=\dimen111
\tagwidth@=\dimen112
\totwidth@=\dimen113
\lineht@=\dimen114
\@envbody=\toks21
\multlinegap=\skip46
\multlinetaggap=\skip47
\mathdisplay@stack=\toks22
LaTeX Info: Redefining \[ on input line 2666.
LaTeX Info: Redefining \] on input line 2667.
)
(/usr/share/texmf-texlive/tex/latex/tools/bm.sty
Package: bm 2004/02/26 v1.1c Bold Symbol Support (DPC/FMi)
\symboldoperators=\mathgroup6
\symboldletters=\mathgroup7
\symboldsymbols=\mathgroup8
LaTeX Font Info:    Redeclaring math alphabet \mathbf on input line 137.
LaTeX Info: Redefining \bm on input line 203.
)
(/usr/share/texmf-texlive/tex/latex/pdfsync/pdfsync.sty
Package: pdfsync 2007/01/15 v1.0
)
(./diameterFigures1.aux

LaTeX Warning: Label `table:nonlin' multiply defined.


LaTeX Warning: Label `fig:4' multiply defined.


LaTeX Warning: Label `fig:4' multiply defined.


LaTeX Warning: Label `fig:4' multiply defined.


LaTeX Warning: Label `fig:4' multiply defined.


LaTeX Warning: Label `fig:4' multiply defined.


LaTeX Warning: Label `fig:4' multiply defined.


LaTeX Warning: Label `fig:4' multiply defined.


LaTeX Warning: Label `fig:4' multiply defined.

)
\openout1 = `diameterFigures1.aux'.

LaTeX Font Info:    Checking defaults for OML/cmm/m/it on input line 15.
LaTeX Font Info:    ... okay on input line 15.
LaTeX Font Info:    Checking defaults for T1/cmr/m/n on input line 15.
LaTeX Font Info:    ... okay on input line 15.
LaTeX Font Info:    Checking defaults for OT1/cmr/m/n on input line 15.
LaTeX Font Info:    ... okay on input line 15.
LaTeX Font Info:    Checking defaults for OMS/cmsy/m/n on input line 15.
LaTeX Font Info:    ... okay on input line 15.
LaTeX Font Info:    Checking defaults for OMX/cmex/m/n on input line 15.
LaTeX Font Info:    ... okay on input line 15.
LaTeX Font Info:    Checking defaults for U/cmr/m/n on input line 15.
LaTeX Font Info:    ... okay on input line 15.
Class revtex4 Info: Patching LaTeX tabular. on input line 15.
Class revtex4 Info: cite was not loaded (OK!) on input line 15.
Class revtex4 Info: multicol was not loaded (OK!) on input line 15.
Configuring pdfsync
\PDFSYNC@ut=\write3
\openout3 = `diameterFigures1.pdfsync'.

\PDFSYNCf@li@=\count106
\PDFSYNC@rder=\count107
**** pdfsync.sty: Synchronizing at \everypar
\PDFSYNCeveryp@r=\toks23
**** pdfsync.sty: Synchronizing at \everymath
\PDFSYNCeverym@th=\toks24
**** pdfsync.sty: Synchronizing at \everyhbox
\PDFSYNCeveryhb@x=\toks25
**** pdfsync.sty: Synchronizing at \everyvbox
\PDFSYNCeveryvb@x=\toks26
**** pdfsync.sty: started
LaTeX Font Info:    Try loading font information for U+msa on input line 34.
 (/usr/share/texmf-texlive/tex/latex/amsfonts/umsa.fd
File: umsa.fd 2002/01/19 v2.2g AMS font definitions
)
LaTeX Font Info:    Try loading font information for U+msb on input line 34.

(/usr/share/texmf-texlive/tex/latex/amsfonts/umsb.fd
File: umsb.fd 2002/01/19 v2.2g AMS font definitions
)
<figures/d_min_D2q1_46_fig.pdf, id=1, 433.62pt x 578.16pt>
File: figures/d_min_D2q1_46_fig.pdf Graphic file (type pdf)

<use figures/d_min_D2q1_46_fig.pdf>
<figures/D_min_D2q1_46_fig.pdf, id=2, 433.62pt x 578.16pt>
File: figures/D_min_D2q1_46_fig.pdf Graphic file (type pdf)

<use figures/D_min_D2q1_46_fig.pdf>
<figures/d_min_D2q2_46_fig.pdf, id=3, 433.62pt x 578.16pt>
File: figures/d_min_D2q2_46_fig.pdf Graphic file (type pdf)

<use figures/d_min_D2q2_46_fig.pdf> [1{/var/lib/texmf/fonts/map/pdftex/updmap/p
dftex.map}]

LaTeX Warning: A float is stuck (cannot be placed); try class option [floatfix]
 on input line 105.

<figures/D_min_D2q2_46_fig.pdf, id=19, 433.62pt x 578.16pt>
File: figures/D_min_D2q2_46_fig.pdf Graphic file (type pdf)

<use figures/D_min_D2q2_46_fig.pdf>
<figures/d_min_D2q3_46_fig.pdf, id=20, 433.62pt x 578.16pt>
File: figures/d_min_D2q3_46_fig.pdf Graphic file (type pdf)

<use figures/d_min_D2q3_46_fig.pdf>
<figures/D_min_D2q3_46_fig.pdf, id=21, 433.62pt x 578.16pt>
File: figures/D_min_D2q3_46_fig.pdf Graphic file (type pdf)

<use figures/D_min_D2q3_46_fig.pdf>
<figures/d_min_D2q4_46_fig.pdf, id=22, 433.62pt x 578.16pt>
File: figures/d_min_D2q4_46_fig.pdf Graphic file (type pdf)

<use figures/d_min_D2q4_46_fig.pdf>
<figures/D_min_D2q4_46_fig.pdf, id=23, 433.62pt x 578.16pt>
File: figures/D_min_D2q4_46_fig.pdf Graphic file (type pdf)

<use figures/D_min_D2q4_46_fig.pdf>
<figures/d_min_D2q4_46_log_fig.pdf, id=24, 433.62pt x 578.16pt>
File: figures/d_min_D2q4_46_log_fig.pdf Graphic file (type pdf)

<use figures/d_min_D2q4_46_log_fig.pdf>
<figures/D_min_D2q4_46_log_fig.pdf, id=25, 433.62pt x 578.16pt>
File: figures/D_min_D2q4_46_log_fig.pdf Graphic file (type pdf)

<use figures/D_min_D2q4_46_log_fig.pdf>
<figures/d_min_D3q2_46_fig.pdf, id=26, 433.62pt x 433.62pt>
File: figures/d_min_D3q2_46_fig.pdf Graphic file (type pdf)

<use figures/d_min_D3q2_46_fig.pdf>
<figures/d_min_D4q2_46_fig.pdf, id=27, 433.62pt x 433.62pt>
File: figures/d_min_D4q2_46_fig.pdf Graphic file (type pdf)

<use figures/d_min_D4q2_46_fig.pdf> [2]

LaTeX Warning: A float is stuck (cannot be placed); try class option [floatfix]
 on input line 179.

[3] [4 <./figures/d_min_D2q1_46_fig.pdf>] [5 <./figures/D_min_D2q1_46_fig.pdf>]
[6 <./figures/d_min_D2q2_46_fig.pdf>] [7 <./figures/D_min_D2q2_46_fig.pdf>]
[8 <./figures/d_min_D2q3_46_fig.pdf>] [9 <./figures/D_min_D2q3_46_fig.pdf>]
[10 <./figures/d_min_D2q4_46_fig.pdf>] [11 <./figures/D_min_D2q4_46_fig.pdf>]
[12 <./figures/d_min_D2q4_46_log_fig.pdf>] [13 <./figures/D_min_D2q4_46_log_fig
.pdf>] [14 <./figures/d_min_D3q2_46_fig.pdf>] [15 <./figures/d_min_D4q2_46_fig.
pdf>] (./diameterFigures1.aux)

LaTeX Warning: There were multiply-defined labels.

 ) 
Here is how much of TeX's memory you used:
 3185 strings out of 95086
 39403 string characters out of 1183255
 104035 words of memory out of 1500000
 6325 multiletter control sequences out of 10000+50000
 13532 words of font info for 50 fonts, out of 1200000 for 2000
 28 hyphenation exceptions out of 8191
 27i,15n,24p,1261b,344s stack positions out of 5000i,500n,6000p,200000b,5000s
</usr/share/texmf-texlive/fonts/type1/bluesky/cm/cmbx10.pfb></usr/share/texmf
-texlive/fonts/type1/bluesky/cm/cmex10.pfb></usr/share/texmf-texlive/fonts/type
1/bluesky/cm/cmmi10.pfb></usr/share/texmf-texlive/fonts/type1/bluesky/cm/cmmi12
.pfb></usr/share/texmf-texlive/fonts/type1/bluesky/cm/cmmi6.pfb></usr/share/tex
mf-texlive/fonts/type1/bluesky/cm/cmmi7.pfb></usr/share/texmf-texlive/fonts/typ
e1/bluesky/cm/cmmi8.pfb></usr/share/texmf-texlive/fonts/type1/bluesky/cm/cmr10.
pfb></usr/share/texmf-texlive/fonts/type1/bluesky/cm/cmr12.pfb></usr/share/texm
f-texlive/fonts/type1/bluesky/cm/cmr7.pfb></usr/share/texmf-texlive/fonts/type1
/bluesky/cm/cmr8.pfb></usr/share/texmf-texlive/fonts/type1/bluesky/cm/cmsy10.pf
b></usr/share/texmf-texlive/fonts/type1/bluesky/cm/cmsy7.pfb></usr/share/texmf-
texlive/fonts/type1/bluesky/cm/cmsy8.pfb></usr/share/texmf-texlive/fonts/type1/
urw/helvetic/uhvr8a.pfb>
Output written on diameterFigures1.pdf (15 pages, 844418 bytes).
PDF statistics:
 1833 PDF objects out of 2073 (max. 8388607)
 0 named destinations out of 1000 (max. 131072)
 61 words of extra memory for PDF output out of 10000 (max. 10000000)

