This is pdfTeXk, Version 3.141592-1.40.3 (Web2C 7.5.6) (format=pdflatex 2007.5.18)  10 MAY 2008 17:13
entering extended mode
 %&-line parsing enabled.
**&pdflatex prv_diameterpaperdraft4.ini \nonstopmode\nofiles\PassOptionsToPacka
ge{active,tightpage,auctex}{preview}\AtBeginDocument{\ifx\ifPreview\undefined\R
equirePackage[displaymath,floats,graphics,textmath,sections,footnotes]{preview}
[2004/11/05]\fi} \input diameterpaperdraft4.tex
(./prv_diameterpaperdraft4.ini
LaTeX2e <2005/12/01>
Babel <v3.8h> and hyphenation patterns for english, usenglishmax, dumylang, noh
yphenation, arabic, basque, bulgarian, coptic, welsh, czech, slovak, german, ng
erman, danish, esperanto, spanish, catalan, galician, estonian, farsi, finnish,
 french, greek, monogreek, ancientgreek, croatian, hungarian, interlingua, ibyc
us, indonesian, icelandic, italian, latin, mongolian, dutch, norsk, polish, por
tuguese, pinyin, romanian, russian, slovenian, uppersorbian, serbian, swedish, 
turkish, ukenglish, ukrainian, loaded.
(/usr/local/texlive/2007/texmf-dist/tex/latex/carlisle/mylatex.ltx)
(/usr/local/texlive/2007/texmf-dist/tex/latex/tools/.tex File ignored))
No auxiliary output files.

! I can't find file `diameterpaperdraft4.tex'.
<*> ...4/11/05]\fi} \input diameterpaperdraft4.tex
                                                  
Please type another input file name
! Emergency stop.
<*> ...4/11/05]\fi} \input diameterpaperdraft4.tex
                                                  
*** (job aborted, file error in nonstop mode)

 
Here is how much of TeX's memory you used:
 24 strings out of 94073
 692 string characters out of 1162984
 48804 words of memory out of 1500000
 3401 multiletter control sequences out of 10000+50000
 3640 words of font info for 14 fonts, out of 1200000 for 2000
 645 hyphenation exceptions out of 8191
 5i,0n,5p,522b,12s stack positions out of 5000i,500n,6000p,200000b,5000s
!  ==> Fatal error occurred, no output PDF file produced!
