\BOOKMARK [1][-]{section.1}{Introduction}{}% 1
\BOOKMARK [1][-]{section.2}{Melting A}{}% 2
\BOOKMARK [2][-]{subsection.2.1}{Background re: melting}{section.2}% 3
\BOOKMARK [3][-]{subsubsection.2.1.1}{Review of theories of melting, 3D, 2D, bulk}{subsection.2.1}% 4
\BOOKMARK [3][-]{subsubsection.2.1.2}{Expectations for 2D finite crystallites}{subsection.2.1}% 5
\BOOKMARK [2][-]{subsection.2.2}{Experiment of Savage et. al}{section.2}% 6
\BOOKMARK [3][-]{subsubsection.2.2.1}{Setup}{subsection.2.2}% 7
\BOOKMARK [3][-]{subsubsection.2.2.2}{Tuneable Depletion potential}{subsection.2.2}% 8
\BOOKMARK [3][-]{subsubsection.2.2.3}{Results}{subsection.2.2}% 9
\BOOKMARK [2][-]{subsection.2.3}{Simulations}{section.2}% 10
\BOOKMARK [3][-]{subsubsection.2.3.1}{Motivation}{subsection.2.3}% 11
\BOOKMARK [3][-]{subsubsection.2.3.2}{Justification for using Brownian dynamics}{subsection.2.3}% 12
\BOOKMARK [3][-]{subsubsection.2.3.3}{GROMACS Simulations}{subsection.2.3}% 13
\BOOKMARK [3][-]{subsubsection.2.3.4}{Simulated Depletion Potential}{subsection.2.3}% 14
\BOOKMARK [3][-]{subsubsection.2.3.5}{Simulated Lennard-Jones Potential}{subsection.2.3}% 15
\BOOKMARK [3][-]{subsubsection.2.3.6}{Results}{subsection.2.3}% 16
\BOOKMARK [3][-]{subsubsection.2.3.7}{Discussion}{subsection.2.3}% 17
\BOOKMARK [1][-]{section.3}{Melting B}{}% 18
\BOOKMARK [2][-]{subsection.3.1}{Background}{section.3}% 19
\BOOKMARK [3][-]{subsubsection.3.1.1}{Colloids: macroscopic system analogous to atomic system}{subsection.3.1}% 20
\BOOKMARK [3][-]{subsubsection.3.1.2}{Experiment by Savage et. al: novel melting kinetics}{subsection.3.1}% 21
\BOOKMARK [3][-]{subsubsection.3.1.3}{Our hypothesis: thermally-activated defects enhance melting rate}{subsection.3.1}% 22
\BOOKMARK [3][-]{subsubsection.3.1.4}{Evidence for hypothesis}{subsection.3.1}% 23
\BOOKMARK [3][-]{subsubsection.3.1.5}{Background Theory}{subsection.3.1}% 24
\BOOKMARK [2][-]{subsection.3.2}{Methods}{section.3}% 25
\BOOKMARK [3][-]{subsubsection.3.2.1}{Re-analyze data from GROMACS, Part A}{subsection.3.2}% 26
\BOOKMARK [3][-]{subsubsection.3.2.2}{New Brownian Dynamics Simulation Code}{subsection.3.2}% 27
\BOOKMARK [3][-]{subsubsection.3.2.3}{Analysis methods}{subsection.3.2}% 28
\BOOKMARK [2][-]{subsection.3.3}{Results / Figures}{section.3}% 29
\BOOKMARK [3][-]{subsubsection.3.3.1}{N vs t}{subsection.3.3}% 30
\BOOKMARK [3][-]{subsubsection.3.3.2}{Order vs. N}{subsection.3.3}% 31
\BOOKMARK [3][-]{subsubsection.3.3.3}{Breakdown by layers}{subsection.3.3}% 32
\BOOKMARK [3][-]{subsubsection.3.3.4}{Average disclination charge}{subsection.3.3}% 33
\BOOKMARK [3][-]{subsubsection.3.3.5}{Phase diagram for various ranges of potential}{subsection.3.3}% 34
\BOOKMARK [2][-]{subsection.3.4}{Discussion}{section.3}% 35
\BOOKMARK [1][-]{section.4}{Squares Project}{}% 36
\BOOKMARK [2][-]{subsection.4.1}{background}{section.4}% 37
\BOOKMARK [2][-]{subsection.4.2}{simulations}{section.4}% 38
\BOOKMARK [2][-]{subsection.4.3}{theory}{section.4}% 39
\BOOKMARK [1][-]{section.5}{Diameter of Random Clusters}{}% 40
\BOOKMARK [2][-]{subsection.5.1}{Introduction}{section.5}% 41
\BOOKMARK [3][-]{subsubsection.5.1.1}{Potts Model Wu82}{subsection.5.1}% 42
\BOOKMARK [3][-]{subsubsection.5.1.2}{Chemical Distance}{subsection.5.1}% 43
\BOOKMARK [3][-]{subsubsection.5.1.3}{Diameter}{subsection.5.1}% 44
\BOOKMARK [2][-]{subsection.5.2}{Methods}{section.5}% 45
\BOOKMARK [3][-]{subsubsection.5.2.1}{Swendesen-Wang Algorithm}{subsection.5.2}% 46
\BOOKMARK [3][-]{subsubsection.5.2.2}{Determining the Chem Distance and Diameter}{subsection.5.2}% 47
\BOOKMARK [3][-]{subsubsection.5.2.3}{Procedure for q>1}{subsection.5.2}% 48
\BOOKMARK [3][-]{subsubsection.5.2.4}{Procedure for q>1}{subsection.5.2}% 49
\BOOKMARK [3][-]{subsubsection.5.2.5}{Simulation Details}{subsection.5.2}% 50
\BOOKMARK [2][-]{subsection.5.3}{Data Analysis}{section.5}% 51
\BOOKMARK [2][-]{subsection.5.4}{Results and Discussion}{section.5}% 52
\BOOKMARK [1][-]{section.6}{Phase Transitions in Computational Complexity}{}% 53
\BOOKMARK [2][-]{subsection.6.1}{Background}{section.6}% 54
\BOOKMARK [3][-]{subsubsection.6.1.1}{Constraint Satisfaction Problems \(CSP\)}{subsection.6.1}% 55
\BOOKMARK [3][-]{subsubsection.6.1.2}{Proposal: study complexity of percolation model}{subsection.6.1}% 56
\BOOKMARK [2][-]{subsection.6.2}{Percolation}{section.6}% 57
\BOOKMARK [3][-]{subsubsection.6.2.1}{The Model}{subsection.6.2}% 58
\BOOKMARK [3][-]{subsubsection.6.2.2}{Background / applications}{subsection.6.2}% 59
\BOOKMARK [2][-]{subsection.6.3}{PRAM}{section.6}% 60
\BOOKMARK [3][-]{subsubsection.6.3.1}{Applications in comp sci}{subsection.6.3}% 61
\BOOKMARK [3][-]{subsubsection.6.3.2}{PRIORITY CRCW}{subsection.6.3}% 62
\BOOKMARK [2][-]{subsection.6.4}{Parallel Algorithm for Percolation}{section.6}% 63
\BOOKMARK [2][-]{subsection.6.5}{Results}{section.6}% 64
\BOOKMARK [3][-]{subsubsection.6.5.1}{D2 vs. p for several system sizes L}{subsection.6.5}% 65
\BOOKMARK [3][-]{subsubsection.6.5.2}{log\(D2\) vs. log\(L\)}{subsection.6.5}% 66
\BOOKMARK [3][-]{subsubsection.6.5.3}{Distribution of cluster sizes}{subsection.6.5}% 67
\BOOKMARK [2][-]{subsection.6.6}{Discussion}{section.6}% 68
