This is pdfTeX, Version 3.1415926-1.40.10 (TeX Live 2009/Debian) (format=pdflatex 2010.6.1)  1 JUL 2010 14:44
entering extended mode
 restricted \write18 enabled.
 %&-line parsing enabled.
**\input thesisdraft3.tex
(./thesisdraft3.tex (/usr/share/texmf-texlive/tex/latex/base/article.cls
Document Class: article 2007/10/19 v1.4h Standard LaTeX document class
(/usr/share/texmf-texlive/tex/latex/base/size10.clo
File: size10.clo 2007/10/19 v1.4h Standard LaTeX file (size option)
)
\c@part=\count79
\c@section=\count80
\c@subsection=\count81
\c@subsubsection=\count82
\c@paragraph=\count83
\c@subparagraph=\count84
\c@figure=\count85
\c@table=\count86
\abovecaptionskip=\skip41
\belowcaptionskip=\skip42
\bibindent=\dimen102
) (./thesisdraft3.aux)
\openout1 = `thesisdraft3.aux'.

LaTeX Font Info:    Checking defaults for OML/cmm/m/it on input line 9.
LaTeX Font Info:    ... okay on input line 9.
LaTeX Font Info:    Checking defaults for T1/cmr/m/n on input line 9.
LaTeX Font Info:    ... okay on input line 9.
LaTeX Font Info:    Checking defaults for OT1/cmr/m/n on input line 9.
LaTeX Font Info:    ... okay on input line 9.
LaTeX Font Info:    Checking defaults for OMS/cmsy/m/n on input line 9.
LaTeX Font Info:    ... okay on input line 9.
LaTeX Font Info:    Checking defaults for OMX/cmex/m/n on input line 9.
LaTeX Font Info:    ... okay on input line 9.
LaTeX Font Info:    Checking defaults for U/cmr/m/n on input line 9.
LaTeX Font Info:    ... okay on input line 9.

(./thesisdraft3.toc)
\tf@toc=\write3
\openout3 = `thesisdraft3.toc'.

)
Runaway argument?
{ 2D finite crystallites melt from perimeter \par \par \par \subsubsection \ETC
.
! File ended while scanning use of \@xdblarg.
<inserted text> 
                \par 
<*> \input thesisdraft3.tex
                           
I suspect you have forgotten a `}', causing me
to read past where you wanted me to stop.
I'll try to recover; but if the error is serious,
you'd better type `E' or `X' now and fix your file.

! Emergency stop.
<*> \input thesisdraft3.tex
                           
*** (job aborted, no legal \end found)

 
Here is how much of TeX's memory you used:
 209 strings out of 495061
 2257 string characters out of 1182622
 47022 words of memory out of 3000000
 3470 multiletter control sequences out of 15000+50000
 5158 words of font info for 19 fonts, out of 3000000 for 9000
 28 hyphenation exceptions out of 8191
 23i,0n,18p,150b,74s stack positions out of 5000i,500n,10000p,200000b,50000s
!  ==> Fatal error occurred, no output PDF file produced!
