This is pdfTeX, Version 3.1415926-1.40.10 (TeX Live 2009/Debian) (format=pdflatex 2012.7.25)  25 JUL 2012 13:55
entering extended mode
 %&-line parsing enabled.
**umthsmpl.tex
(./umthsmpl.tex
LaTeX2e <2009/09/24>
Babel <v3.8l> and hyphenation patterns for english, usenglishmax, dumylang, noh
yphenation, loaded.
(./umthesis.cls
Document Class: umthesis 2003/10/16 20:20:51 1.25 U.Mass. dissertation class
(/usr/share/texmf-texlive/tex/latex/base/report.cls
Document Class: report 2007/10/19 v1.4h Standard LaTeX document class
(/usr/share/texmf-texlive/tex/latex/base/size12.clo
File: size12.clo 2007/10/19 v1.4h Standard LaTeX file (size option)
)
\c@part=\count79
\c@chapter=\count80
\c@section=\count81
\c@subsection=\count82
\c@subsubsection=\count83
\c@paragraph=\count84
\c@subparagraph=\count85
\c@figure=\count86
\c@table=\count87
\abovecaptionskip=\skip41
\belowcaptionskip=\skip42
\bibindent=\dimen102
) (./umth12pt.clo
File: umth12pt.clo 1997/09/08 16:03:30 1.3 U.Mass. thesis (size option)
)
\c@count@FrontMatter=\count88
\c@count@Chapter=\count89
\c@count@Appendix=\count90
\c@count@BackMatter=\count91
\umthesis@contentshangindent=\skip43
\tablenumberwidth=\skip44

(./umthstd.clo
File: umthstd.clo 2003/10/16 20:56:33 1.12 U.Mass. thesis frontmatter option
)
\umthesis@basefootnotesep=\skip45
\umthesis@baseskipfootins=\skip46
) (/usr/share/texmf-texlive/tex/latex/graphics/graphicx.sty
Package: graphicx 1999/02/16 v1.0f Enhanced LaTeX Graphics (DPC,SPQR)

(/usr/share/texmf-texlive/tex/latex/graphics/keyval.sty
Package: keyval 1999/03/16 v1.13 key=value parser (DPC)
\KV@toks@=\toks14
)
(/usr/share/texmf-texlive/tex/latex/graphics/graphics.sty
Package: graphics 2009/02/05 v1.0o Standard LaTeX Graphics (DPC,SPQR)

(/usr/share/texmf-texlive/tex/latex/graphics/trig.sty
Package: trig 1999/03/16 v1.09 sin cos tan (DPC)
)
(/etc/texmf/tex/latex/config/graphics.cfg
File: graphics.cfg 2009/08/28 v1.8 graphics configuration of TeX Live
)
Package graphics Info: Driver file: pdftex.def on input line 91.

(/usr/share/texmf-texlive/tex/latex/pdftex-def/pdftex.def
File: pdftex.def 2010/03/12 v0.04p Graphics/color for pdfTeX
\Gread@gobject=\count92
))
\Gin@req@height=\dimen103
\Gin@req@width=\dimen104
) (./umthsmpl.aux)
\openout1 = `umthsmpl.aux'.

LaTeX Font Info:    Checking defaults for OML/cmm/m/it on input line 107.
LaTeX Font Info:    ... okay on input line 107.
LaTeX Font Info:    Checking defaults for T1/cmr/m/n on input line 107.
LaTeX Font Info:    ... okay on input line 107.
LaTeX Font Info:    Checking defaults for OT1/cmr/m/n on input line 107.
LaTeX Font Info:    ... okay on input line 107.
LaTeX Font Info:    Checking defaults for OMS/cmsy/m/n on input line 107.
LaTeX Font Info:    ... okay on input line 107.
LaTeX Font Info:    Checking defaults for OMX/cmex/m/n on input line 107.
LaTeX Font Info:    ... okay on input line 107.
LaTeX Font Info:    Checking defaults for U/cmr/m/n on input line 107.
LaTeX Font Info:    ... okay on input line 107.

(/usr/share/texmf-texlive/tex/context/base/supp-pdf.mkii
[Loading MPS to PDF converter (version 2006.09.02).]
\scratchcounter=\count93
\scratchdimen=\dimen105
\scratchbox=\box26
\nofMPsegments=\count94
\nofMParguments=\count95
\everyMPshowfont=\toks15
\MPscratchCnt=\count96
\MPscratchDim=\dimen106
\MPnumerator=\count97
\everyMPtoPDFconversion=\toks16
) [1

{/var/lib/texmf/fonts/map/pdftex/updmap/pdftex.map}]
LaTeX Font Info:    Try loading font information for OMS+cmr on input line 168.


(/usr/share/texmf-texlive/tex/latex/base/omscmr.fd
File: omscmr.fd 1999/05/25 v2.5h Standard LaTeX font definitions
)
LaTeX Font Info:    Font shape `OMS/cmr/m/n' in size <12> not available
(Font)              Font shape `OMS/cmsy/m/n' tried instead on input line 168.
LaTeX Font Info:    External font `cmex10' loaded for size
(Font)              <12> on input line 168.
LaTeX Font Info:    External font `cmex10' loaded for size
(Font)              <8> on input line 168.
LaTeX Font Info:    External font `cmex10' loaded for size
(Font)              <6> on input line 168.
 [2

]
\lenguide=\skip47
 [3

] [4

] [5

] [6


]
(./umthsmpl.toc [7

])
\tf@toc=\write3
\openout3 = `umthsmpl.toc'.

 [8] (./umthsmpl.lot)
\tf@lot=\write4
\openout4 = `umthsmpl.lot'.

 [9

] (./umthsmpl.lof)
\tf@lof=\write5
\openout5 = `umthsmpl.lof'.

 [10

] [1


]
Chapter 1.

LaTeX Warning: \oval, \circle, or \line size unavailable on input line 244.


LaTeX Warning: \oval, \circle, or \line size unavailable on input line 328.

[2

] [3] [4] [5] [6] [7]
Chapter 2.
[8

]
Chapter 3.
[9

]
Appendix A.
[10

]
Appendix B.
(./umthsmpl.bbl [11

]) [12

] (./umthsmpl.aux) ) 
Here is how much of TeX's memory you used:
 1154 strings out of 495061
 14632 string characters out of 1182621
 70268 words of memory out of 3000000
 4355 multiletter control sequences out of 15000+50000
 8272 words of font info for 30 fonts, out of 3000000 for 9000
 28 hyphenation exceptions out of 8191
 27i,8n,21p,437b,246s stack positions out of 5000i,500n,10000p,200000b,50000s
</usr/share/texmf-texlive/fonts/type1/public/amsfonts/cm/cm
bx12.pfb></usr/share/texmf-texlive/fonts/type1/public/amsfonts/cm/cmr12.pfb></u
sr/share/texmf-texlive/fonts/type1/public/amsfonts/cm/cmsy10.pfb></usr/share/te
xmf-texlive/fonts/type1/public/amsfonts/cm/cmti12.pfb></usr/share/texmf-texlive
/fonts/type1/public/amsfonts/cm/cmtt10.pfb></usr/share/texmf-texlive/fonts/type
1/public/amsfonts/cm/cmtt12.pfb></usr/share/texmf-texlive/fonts/type1/public/am
sfonts/latxfont/lcircle1.pfb>
Output written on umthsmpl.pdf (22 pages, 94293 bytes).
PDF statistics:
 101 PDF objects out of 1000 (max. 8388607)
 0 named destinations out of 1000 (max. 500000)
 1 words of extra memory for PDF output out of 10000 (max. 10000000)

