This is pdfTeX, Version 3.1415926-1.40.10 (TeX Live 2009/Debian) (format=latex 2011.6.5)  9 DEC 2011 10:07
entering extended mode
 %&-line parsing enabled.
**squares_torus_all_JSTAT.tex
(./squares_torus_all_JSTAT.tex
LaTeX2e <2009/09/24>
Babel <v3.8l> and hyphenation patterns for english, usenglishmax, dumylang, noh
yphenation, loaded.
(/usr/share/texmf-texlive/tex/latex/revtex4/revtex4.cls
Document Class: revtex4 2001/08/02 v4.0 (http://publish.aps.org/revtex4/ for do
cumentation)
 Copyright (c) 2001 The American Physical Society.
 mailto:revtex@aps.org
 Licensed under the LPPL:
http://www.ctan.org/tex-archive/macros/latex/base/lppl.txt
 Arthur Ogawa <ogawa@teleport.com>
 Based on work by David Carlisle <david@dcarlisle.demon.co.uk>.
ltxutil: portions licensed from W. E. Baxter (web@superscript.com)
Class revtex4 Info: Repairing broken LateX \@sect on input line 596.
\intertabularlinepenalty=\count79
\@tbpen=\count80
\@arstrutbox@hline=\box26
Class revtex4 Info: Repairing broken LaTeX \@xbitor on input line 1610.
ltxgrid: portions licensed from W. E. Baxter (web@superscript.com)
\c@linecount=\count81
\output=\toks14
\@protection@box=\box27
\@topmark@saved=\toks15
\footins@saved=\box28
\pagesofar=\box29
\footbox=\box30
\pagegrid@col=\count82
Class revtex4 Info: Incorporating package {textcase}  [1998/11/12 v0.06 Text on
ly upper/lower case changing (DPC)]. on input line 3682.
(/usr/share/texmf-texlive/tex/latex/ltxmisc/url.sty
\Urlmuskip=\muskip10
Package: url 2006/04/12  ver 3.3  Verb mode for urls, etc.
)
\c@affil=\count83
\absbox=\box31
\c@part=\count84
\c@section=\count85
\c@subsection=\count86
\c@subsubsection=\count87
\c@paragraph=\count88
\c@subparagraph=\count89
\abovecaptionskip=\skip41
\belowcaptionskip=\skip42
\c@figure=\count90
\c@table=\count91

(/usr/share/texmf-texlive/tex/latex/natbib/natbib.sty
Package: natbib 2009/07/16 8.31 (PWD, AO)
\bibhang=\skip43
\bibsep=\skip44
LaTeX Info: Redefining \cite on input line 694.
\c@NAT@ctr=\count92
)
\widetext@top=\box32
\widetext@bot=\box33

(/usr/share/texmf-texlive/tex/latex/revtex4/revsymb.sty
Package: revsymb 2001/08/02 v4.0 (http://publish.aps.org/revtex4/ for documenta
tion)
LaTeX Info: Redefining \REV@mathfrak on input line 118.
))
(/usr/share/texmf-texlive/tex/latex/revtex4/aps.rtx
File: aps.rtx 2001/08/02 v4.0 (http://publish.aps.org/revtex4/ for documentatio
n)
)
(/usr/share/texmf-texlive/tex/latex/revtex4/10pt.rtx
File: 10pt.rtx 2001/08/02 v4.0 (http://publish.aps.org/revtex4/ for documentati
on)
)
(/usr/share/texmf-texlive/tex/latex/graphics/graphicx.sty
Package: graphicx 1999/02/16 v1.0f Enhanced LaTeX Graphics (DPC,SPQR)

(/usr/share/texmf-texlive/tex/latex/graphics/keyval.sty
Package: keyval 1999/03/16 v1.13 key=value parser (DPC)
\KV@toks@=\toks16
)
(/usr/share/texmf-texlive/tex/latex/graphics/graphics.sty
Package: graphics 2009/02/05 v1.0o Standard LaTeX Graphics (DPC,SPQR)

(/usr/share/texmf-texlive/tex/latex/graphics/trig.sty
Package: trig 1999/03/16 v1.09 sin cos tan (DPC)
)
(/etc/texmf/tex/latex/config/graphics.cfg
File: graphics.cfg 2009/08/28 v1.8 graphics configuration of TeX Live
)
Package graphics Info: Driver file: dvips.def on input line 91.

(/usr/share/texmf-texlive/tex/latex/graphics/dvips.def
File: dvips.def 1999/02/16 v3.0i Driver-dependant file (DPC,SPQR)
))
\Gin@req@height=\dimen102
\Gin@req@width=\dimen103
)
(./squares_torus_all_JSTAT.aux

LaTeX Warning: Label `fig:N9' multiply defined.

)
\openout1 = `squares_torus_all_JSTAT.aux'.

LaTeX Font Info:    Checking defaults for OML/cmm/m/it on input line 11.
LaTeX Font Info:    ... okay on input line 11.
LaTeX Font Info:    Checking defaults for T1/cmr/m/n on input line 11.
LaTeX Font Info:    ... okay on input line 11.
LaTeX Font Info:    Checking defaults for OT1/cmr/m/n on input line 11.
LaTeX Font Info:    ... okay on input line 11.
LaTeX Font Info:    Checking defaults for OMS/cmsy/m/n on input line 11.
LaTeX Font Info:    ... okay on input line 11.
LaTeX Font Info:    Checking defaults for OMX/cmex/m/n on input line 11.
LaTeX Font Info:    ... okay on input line 11.
LaTeX Font Info:    Checking defaults for U/cmr/m/n on input line 11.
LaTeX Font Info:    ... okay on input line 11.
Class revtex4 Info: Patching LaTeX tabular. on input line 11.
Class revtex4 Info: cite was not loaded (OK!) on input line 11.
Class revtex4 Info: multicol was not loaded (OK!) on input line 11.
LaTeX Font Info:    External font `cmex10' loaded for size
(Font)              <9> on input line 34.
LaTeX Font Info:    External font `cmex10' loaded for size
(Font)              <6> on input line 34.
LaTeX Font Info:    External font `cmex10' loaded for size
(Font)              <5> on input line 34.
LaTeX Font Info:    External font `cmex10' loaded for size
(Font)              <7> on input line 37.
LaTeX Font Info:    External font `cmex10' loaded for size
(Font)              <8> on input line 37.
 [1] [2]
File: 3x3.eps Graphic file (type eps)
 <3x3.eps>
File: bravais1.eps Graphic file (type eps)
 <bravais1.eps>

Class revtex4 Warning: Float cannot be placed.

File: alignedBlocks3.eps Graphic file (type eps)
<alignedBlocks3.eps>

Class revtex4 Warning: Float cannot be placed.

[3]

LaTeX Warning: A float is stuck (cannot be placed); try class option [floatfix]
 on input line 122.

File: n7a.eps Graphic file (type eps)
<n7a.eps>

Class revtex4 Warning: Float cannot be placed.

File: gappedCombo1.eps Graphic file (type eps)
<gappedCombo1.eps>

Class revtex4 Warning: Float cannot be placed.

File: n22Edit.eps Graphic file (type eps)
<n22Edit.eps>

Class revtex4 Warning: Float cannot be placed.

File: n12edit.eps Graphic file (type eps)
<n12edit.eps>

Class revtex4 Warning: Float cannot be placed.

File: N23.eps Graphic file (type eps)
<N23.eps>

Class revtex4 Warning: Float cannot be placed.

File: N21.eps Graphic file (type eps)
<N21.eps>

Class revtex4 Warning: Float cannot be placed.

[4]

LaTeX Warning: A float is stuck (cannot be placed); try class option [floatfix]
 on input line 178.

[5]

LaTeX Warning: A float is stuck (cannot be placed); try class option [floatfix]
 on input line 222.

[6]

LaTeX Warning: A float is stuck (cannot be placed); try class option [floatfix]
 on input line 248.

[7]

LaTeX Warning: A float is stuck (cannot be placed); try class option [floatfix]
 on input line 386.


Class revtex4 Warning: Environment acknowledgements is obsolete;
Use acknowledgments instead.

[8]

LaTeX Warning: A float is stuck (cannot be placed); try class option [floatfix]
 on input line 484.

[9] [10] [11] [12] [13] [14] (./squares_torus_all_JSTAT.aux)

LaTeX Warning: There were multiply-defined labels.

 ) 
Here is how much of TeX's memory you used:
 2271 strings out of 495062
 28267 string characters out of 1182645
 107454 words of memory out of 3000000
 5471 multiletter control sequences out of 15000+50000
 9040 words of font info for 32 fonts, out of 3000000 for 9000
 28 hyphenation exceptions out of 8191
 35i,8n,27p,1594b,311s stack positions out of 5000i,500n,10000p,200000b,50000s

Output written on squares_torus_all_JSTAT.dvi (14 pages, 54052 bytes).
